<?xml version="1.0" encoding="UTF-8"?>
<!-- Generated by org.testng.reporters.JUnitReportReporter -->
<testsuite hostname="Home" failures="0" tests="40" name="runner.TestngTestRunner" time="196.086" errors="0" timestamp="2023-10-07T22:52:55 CDT" skipped="0">
  <testcase classname="runner.TestngTestRunner" name="runScenario" time="2.945"/>
  <testcase classname="runner.TestngTestRunner" name="runScenario" time="3.105"/>
  <testcase classname="runner.TestngTestRunner" name="runScenario" time="4.685"/>
  <testcase classname="runner.TestngTestRunner" name="runScenario" time="5.598"/>
  <testcase classname="runner.TestngTestRunner" name="runScenario" time="6.180"/>
  <testcase classname="runner.TestngTestRunner" name="runScenario" time="6.096"/>
  <testcase classname="runner.TestngTestRunner" name="runScenario" time="3.107"/>
  <testcase classname="runner.TestngTestRunner" name="runScenario" time="6.087"/>
  <testcase classname="runner.TestngTestRunner" name="runScenario" time="4.896"/>
  <testcase classname="runner.TestngTestRunner" name="runScenario" time="4.800"/>
  <testcase classname="runner.TestngTestRunner" name="runScenario" time="4.880"/>
  <testcase classname="runner.TestngTestRunner" name="runScenario" time="5.041"/>
  <testcase classname="runner.TestngTestRunner" name="runScenario" time="3.102"/>
  <testcase classname="runner.TestngTestRunner" name="runScenario" time="5.121"/>
  <testcase classname="runner.TestngTestRunner" name="runScenario" time="4.914"/>
  <testcase classname="runner.TestngTestRunner" name="runScenario" time="5.306"/>
  <testcase classname="runner.TestngTestRunner" name="runScenario" time="5.220"/>
  <testcase classname="runner.TestngTestRunner" name="runScenario" time="5.183"/>
  <testcase classname="runner.TestngTestRunner" name="runScenario" time="5.003"/>
  <testcase classname="runner.TestngTestRunner" name="runScenario" time="4.615"/>
  <testcase classname="runner.TestngTestRunner" name="runScenario" time="5.219"/>
  <testcase classname="runner.TestngTestRunner" name="runScenario" time="5.941"/>
  <testcase classname="runner.TestngTestRunner" name="runScenario" time="5.216"/>
  <testcase classname="runner.TestngTestRunner" name="runScenario" time="5.304"/>
  <testcase classname="runner.TestngTestRunner" name="runScenario" time="5.174"/>
  <testcase classname="runner.TestngTestRunner" name="runScenario" time="5.159"/>
  <testcase classname="runner.TestngTestRunner" name="runScenario" time="5.149"/>
  <testcase classname="runner.TestngTestRunner" name="runScenario" time="3.017"/>
  <testcase classname="runner.TestngTestRunner" name="runScenario" time="5.583"/>
  <testcase classname="runner.TestngTestRunner" name="runScenario" time="4.915"/>
  <testcase classname="runner.TestngTestRunner" name="runScenario" time="3.305"/>
  <testcase classname="runner.TestngTestRunner" name="runScenario" time="5.079"/>
  <testcase classname="runner.TestngTestRunner" name="runScenario" time="4.870"/>
  <testcase classname="runner.TestngTestRunner" name="runScenario" time="5.737"/>
  <testcase classname="runner.TestngTestRunner" name="runScenario" time="5.020"/>
  <testcase classname="runner.TestngTestRunner" name="runScenario" time="4.679"/>
  <testcase classname="runner.TestngTestRunner" name="runScenario" time="5.364"/>
  <testcase classname="runner.TestngTestRunner" name="runScenario" time="4.961"/>
  <testcase classname="runner.TestngTestRunner" name="runScenario" time="5.122"/>
  <testcase classname="runner.TestngTestRunner" name="runScenario" time="5.388"/>
</testsuite> <!-- runner.TestngTestRunner -->
