<?xml version="1.0" encoding="UTF-8"?>
<!-- Generated by org.testng.reporters.JUnitReportReporter -->
<testsuite hostname="Home" failures="0" tests="40" name="runner.TestngTestRunner" time="252.652" errors="0" timestamp="2023-10-09T14:06:42 CDT" skipped="0">
  <testcase classname="runner.TestngTestRunner" name="runScenario" time="4.174"/>
  <testcase classname="runner.TestngTestRunner" name="runScenario" time="3.876"/>
  <testcase classname="runner.TestngTestRunner" name="runScenario" time="7.843"/>
  <testcase classname="runner.TestngTestRunner" name="runScenario" time="7.658"/>
  <testcase classname="runner.TestngTestRunner" name="runScenario" time="7.317"/>
  <testcase classname="runner.TestngTestRunner" name="runScenario" time="6.556"/>
  <testcase classname="runner.TestngTestRunner" name="runScenario" time="7.627"/>
  <testcase classname="runner.TestngTestRunner" name="runScenario" time="7.073"/>
  <testcase classname="runner.TestngTestRunner" name="runScenario" time="6.676"/>
  <testcase classname="runner.TestngTestRunner" name="runScenario" time="6.505"/>
  <testcase classname="runner.TestngTestRunner" name="runScenario" time="6.049"/>
  <testcase classname="runner.TestngTestRunner" name="runScenario" time="6.630"/>
  <testcase classname="runner.TestngTestRunner" name="runScenario" time="3.995"/>
  <testcase classname="runner.TestngTestRunner" name="runScenario" time="6.889"/>
  <testcase classname="runner.TestngTestRunner" name="runScenario" time="6.119"/>
  <testcase classname="runner.TestngTestRunner" name="runScenario" time="6.943"/>
  <testcase classname="runner.TestngTestRunner" name="runScenario" time="6.867"/>
  <testcase classname="runner.TestngTestRunner" name="runScenario" time="6.840"/>
  <testcase classname="runner.TestngTestRunner" name="runScenario" time="6.454"/>
  <testcase classname="runner.TestngTestRunner" name="runScenario" time="6.547"/>
  <testcase classname="runner.TestngTestRunner" name="runScenario" time="6.359"/>
  <testcase classname="runner.TestngTestRunner" name="runScenario" time="6.434"/>
  <testcase classname="runner.TestngTestRunner" name="runScenario" time="6.139"/>
  <testcase classname="runner.TestngTestRunner" name="runScenario" time="7.834"/>
  <testcase classname="runner.TestngTestRunner" name="runScenario" time="5.548"/>
  <testcase classname="runner.TestngTestRunner" name="runScenario" time="6.693"/>
  <testcase classname="runner.TestngTestRunner" name="runScenario" time="4.375"/>
  <testcase classname="runner.TestngTestRunner" name="runScenario" time="3.717"/>
  <testcase classname="runner.TestngTestRunner" name="runScenario" time="6.424"/>
  <testcase classname="runner.TestngTestRunner" name="runScenario" time="6.386"/>
  <testcase classname="runner.TestngTestRunner" name="runScenario" time="6.479"/>
  <testcase classname="runner.TestngTestRunner" name="runScenario" time="6.403"/>
  <testcase classname="runner.TestngTestRunner" name="runScenario" time="5.970"/>
  <testcase classname="runner.TestngTestRunner" name="runScenario" time="6.406"/>
  <testcase classname="runner.TestngTestRunner" name="runScenario" time="5.924"/>
  <testcase classname="runner.TestngTestRunner" name="runScenario" time="6.568"/>
  <testcase classname="runner.TestngTestRunner" name="runScenario" time="6.480"/>
  <testcase classname="runner.TestngTestRunner" name="runScenario" time="6.389"/>
  <testcase classname="runner.TestngTestRunner" name="runScenario" time="6.987"/>
  <testcase classname="runner.TestngTestRunner" name="runScenario" time="6.499"/>
</testsuite> <!-- runner.TestngTestRunner -->
